{
  "RSpec": {
    "coverage": {
      "/Users/wertermeira/Documents/trabalhos/testes/lemoney/app/models/offer.rb": {
        "lines": [
          0,
          0
        ],
        "branches": {
        }
      },
      "/Users/wertermeira/Documents/trabalhos/testes/lemoney/app/models/application_record.rb": {
        "lines": [
          0,
          0,
          0
        ],
        "branches": {
        }
      },
      "/Users/wertermeira/Documents/trabalhos/testes/lemoney/app/controllers/application_controller.rb": {
        "lines": [
          0,
          0
        ],
        "branches": {
        }
      }
    },
    "timestamp": 1605825778
  }
}
